# JRE version: OpenJDK Runtime Environment (21.0+35) (build 21+35-2513)
# Java VM: OpenJDK 64-Bit Server VM (21+35-2513, mixed mode, sharing, tiered, compressed oops, compressed class ptrs, g1 gc, windows-amd64)
GC Precious Log:
 CardTable entry size: 512
 Card Set container configuration: InlinePtr #cards 5 size 8 Array Of Cards #cards 12 size 40 Howl #buckets 4 coarsen threshold 1843 Howl Bitmap #cards 512 size 80 coarsen threshold 460 Card regions per heap region 1 cards per card region 2048
 CPUs: 8 total, 8 available
 Memory: 7103M
 Large Page Support: Disabled
 NUMA Support: Disabled
 Compressed Oops: Enabled (32-bit)
 Heap Region Size: 1M
 Heap Min Capacity: 8M
 Heap Initial Capacity: 112M
 Heap Max Capacity: 1776M
 Pre-touch: Disabled
 Parallel Workers: 8
 Concurrent Workers: 2
 Concurrent Refinement Workers: 8
 Periodic GC: Disabled
Heap:
 garbage-first heap   total 275456K, used 249330K [0x0000000091000000, 0x0000000100000000)
  region size 1024K, 42 young (43008K), 1 survivors (1024K)
 Metaspace       used 20566K, committed 20864K, reserved 1114112K
  class space    used 2928K, committed 3072K, reserved 1048576K
GC Heap History (14 events):
Event: 1.004 GC heap before
{Heap before GC invocations=0 (full 0):
 garbage-first heap   total 114688K, used 22528K [0x0000000091000000, 0x0000000100000000)
  region size 1024K, 23 young (23552K), 0 survivors (0K)
 Metaspace       used 5240K, committed 5440K, reserved 1114112K
  class space    used 615K, committed 704K, reserved 1048576K
}
Event: 1.010 GC heap after
{Heap after GC invocations=1 (full 0):
 garbage-first heap   total 114688K, used 3004K [0x0000000091000000, 0x0000000100000000)
  region size 1024K, 3 young (3072K), 3 survivors (3072K)
 Metaspace       used 5240K, committed 5440K, reserved 1114112K
  class space    used 615K, committed 704K, reserved 1048576K
}
Event: 2.001 GC heap before
{Heap before GC invocations=1 (full 0):
 garbage-first heap   total 114688K, used 71612K [0x0000000091000000, 0x0000000100000000)
  region size 1024K, 36 young (36864K), 3 survivors (3072K)
 Metaspace       used 12418K, committed 12672K, reserved 1114112K
  class space    used 1803K, committed 1920K, reserved 1048576K
}
Event: 2.009 GC heap after
{Heap after GC invocations=2 (full 0):
 garbage-first heap   total 114688K, used 41206K [0x0000000091000000, 0x0000000100000000)
  region size 1024K, 4 young (4096K), 4 survivors (4096K)
 Metaspace       used 12418K, committed 12672K, reserved 1114112K
  class space    used 1803K, committed 1920K, reserved 1048576K
}
Event: 41.058 GC heap before
{Heap before GC invocations=2 (full 0):
 garbage-first heap   total 114688K, used 87286K [0x0000000091000000, 0x0000000100000000)
  region size 1024K, 48 young (49152K), 4 survivors (4096K)
 Metaspace       used 18849K, committed 19200K, reserved 1114112K
  class space    used 2776K, committed 2944K, reserved 1048576K
}
Event: 41.070 GC heap after
{Heap after GC invocations=3 (full 0):
 garbage-first heap   total 114688K, used 48440K [0x0000000091000000, 0x0000000100000000)
  region size 1024K, 8 young (8192K), 8 survivors (8192K)
 Metaspace       used 18849K, committed 19200K, reserved 1114112K
  class space    used 2776K, committed 2944K, reserved 1048576K
}
Event: 41.110 GC heap before
{Heap before GC invocations=3 (full 0):
 garbage-first heap   total 114688K, used 82232K [0x0000000091000000, 0x0000000100000000)
  region size 1024K, 10 young (10240K), 8 survivors (8192K)
 Metaspace       used 18892K, committed 19264K, reserved 1114112K
  class space    used 2781K, committed 2944K, reserved 1048576K
}
Event: 41.119 GC heap after
{Heap after GC invocations=4 (full 0):
 garbage-first heap   total 114688K, used 82680K [0x0000000091000000, 0x0000000100000000)
  region size 1024K, 2 young (2048K), 2 survivors (2048K)
 Metaspace       used 18892K, committed 19264K, reserved 1114112K
  class space    used 2781K, committed 2944K, reserved 1048576K
}
Event: 53.106 GC heap before
{Heap before GC invocations=5 (full 0):
 garbage-first heap   total 196608K, used 155384K [0x0000000091000000, 0x0000000100000000)
  region size 1024K, 23 young (23552K), 2 survivors (2048K)
 Metaspace       used 20137K, committed 20480K, reserved 1114112K
  class space    used 2927K, committed 3072K, reserved 1048576K
}
Event: 53.108 GC heap after
{Heap after GC invocations=6 (full 0):
 garbage-first heap   total 196608K, used 123914K [0x0000000091000000, 0x0000000100000000)
  region size 1024K, 1 young (1024K), 1 survivors (1024K)
 Metaspace       used 20137K, committed 20480K, reserved 1114112K
  class space    used 2927K, committed 3072K, reserved 1048576K
}
Event: 81.033 GC heap before
{Heap before GC invocations=6 (full 0):
 garbage-first heap   total 196608K, used 183306K [0x0000000091000000, 0x0000000100000000)
  region size 1024K, 59 young (60416K), 1 survivors (1024K)
 Metaspace       used 20267K, committed 20672K, reserved 1114112K
  class space    used 2927K, committed 3072K, reserved 1048576K
}
Event: 81.048 GC heap after
{Heap after GC invocations=7 (full 0):
 garbage-first heap   total 196608K, used 123827K [0x0000000091000000, 0x0000000100000000)
  region size 1024K, 1 young (1024K), 1 survivors (1024K)
 Metaspace       used 20267K, committed 20672K, reserved 1114112K
  class space    used 2927K, committed 3072K, reserved 1048576K
}
Event: 117.642 GC heap before
{Heap before GC invocations=7 (full 0):
 garbage-first heap   total 196608K, used 183219K [0x0000000091000000, 0x0000000100000000)
  region size 1024K, 59 young (60416K), 1 survivors (1024K)
 Metaspace       used 20332K, committed 20672K, reserved 1114112K
  class space    used 2927K, committed 3072K, reserved 1048576K
}
Event: 117.644 GC heap after
{Heap after GC invocations=8 (full 0):
 garbage-first heap   total 196608K, used 123937K [0x0000000091000000, 0x0000000100000000)
  region size 1024K, 1 young (1024K), 1 survivors (1024K)
 Metaspace       used 20332K, committed 20672K, reserved 1114112K
  class space    used 2927K, committed 3072K, reserved 1048576K
}

