# JRE version: OpenJDK Runtime Environment (21.0+35) (build 21+35-2513)
# Java VM: OpenJDK 64-Bit Server VM (21+35-2513, mixed mode, sharing, tiered, compressed oops, compressed class ptrs, g1 gc, windows-amd64)
GC Precious Log:
 CardTable entry size: 512
 Card Set container configuration: InlinePtr #cards 5 size 8 Array Of Cards #cards 12 size 40 Howl #buckets 4 coarsen threshold 1843 Howl Bitmap #cards 512 size 80 coarsen threshold 460 Card regions per heap region 1 cards per card region 2048
 CPUs: 8 total, 8 available
 Memory: 7103M
 Large Page Support: Disabled
 NUMA Support: Disabled
 Compressed Oops: Enabled (32-bit)
 Heap Region Size: 1M
 Heap Min Capacity: 8M
 Heap Initial Capacity: 112M
 Heap Max Capacity: 1776M
 Pre-touch: Disabled
 Parallel Workers: 8
 Concurrent Workers: 2
 Concurrent Refinement Workers: 8
 Periodic GC: Disabled
Heap:
 garbage-first heap   total 222208K, used 155599K [0x0000000091000000, 0x0000000100000000)
  region size 1024K, 6 young (6144K), 4 survivors (4096K)
 Metaspace       used 20016K, committed 20352K, reserved 1114112K
  class space    used 2856K, committed 3008K, reserved 1048576K
GC Heap History (14 events):
Event: 1.315 GC heap before
{Heap before GC invocations=0 (full 0):
 garbage-first heap   total 114688K, used 22528K [0x0000000091000000, 0x0000000100000000)
  region size 1024K, 23 young (23552K), 0 survivors (0K)
 Metaspace       used 4937K, committed 5120K, reserved 1114112K
  class space    used 519K, committed 576K, reserved 1048576K
}
Event: 1.321 GC heap after
{Heap after GC invocations=1 (full 0):
 garbage-first heap   total 114688K, used 3624K [0x0000000091000000, 0x0000000100000000)
  region size 1024K, 3 young (3072K), 3 survivors (3072K)
 Metaspace       used 4937K, committed 5120K, reserved 1114112K
  class space    used 519K, committed 576K, reserved 1048576K
}
Event: 2.319 GC heap before
{Heap before GC invocations=1 (full 0):
 garbage-first heap   total 114688K, used 34344K [0x0000000091000000, 0x0000000100000000)
  region size 1024K, 34 young (34816K), 3 survivors (3072K)
 Metaspace       used 11792K, committed 12160K, reserved 1114112K
  class space    used 1657K, committed 1856K, reserved 1048576K
}
Event: 2.326 GC heap after
{Heap after GC invocations=2 (full 0):
 garbage-first heap   total 114688K, used 7087K [0x0000000091000000, 0x0000000100000000)
  region size 1024K, 4 young (4096K), 4 survivors (4096K)
 Metaspace       used 11792K, committed 12160K, reserved 1114112K
  class space    used 1657K, committed 1856K, reserved 1048576K
}
Event: 4.600 GC heap before
{Heap before GC invocations=2 (full 0):
 garbage-first heap   total 114688K, used 73647K [0x0000000091000000, 0x0000000100000000)
  region size 1024K, 34 young (34816K), 4 survivors (4096K)
 Metaspace       used 17697K, committed 18048K, reserved 1114112K
  class space    used 2729K, committed 2880K, reserved 1048576K
}
Event: 4.607 GC heap after
{Heap after GC invocations=3 (full 0):
 garbage-first heap   total 114688K, used 45987K [0x0000000091000000, 0x0000000100000000)
  region size 1024K, 6 young (6144K), 6 survivors (6144K)
 Metaspace       used 17697K, committed 18048K, reserved 1114112K
  class space    used 2729K, committed 2880K, reserved 1048576K
}
Event: 4.671 GC heap before
{Heap before GC invocations=3 (full 0):
 garbage-first heap   total 114688K, used 79779K [0x0000000091000000, 0x0000000100000000)
  region size 1024K, 8 young (8192K), 6 survivors (6144K)
 Metaspace       used 17746K, committed 18112K, reserved 1114112K
  class space    used 2735K, committed 2880K, reserved 1048576K
}
Event: 4.676 GC heap after
{Heap after GC invocations=4 (full 0):
 garbage-first heap   total 114688K, used 79020K [0x0000000091000000, 0x0000000100000000)
  region size 1024K, 3 young (3072K), 3 survivors (3072K)
 Metaspace       used 17746K, committed 18112K, reserved 1114112K
  class space    used 2735K, committed 2880K, reserved 1048576K
}
Event: 4.859 GC heap before
{Heap before GC invocations=5 (full 0):
 garbage-first heap   total 189440K, used 111788K [0x0000000091000000, 0x0000000100000000)
  region size 1024K, 4 young (4096K), 3 survivors (3072K)
 Metaspace       used 17746K, committed 18112K, reserved 1114112K
  class space    used 2735K, committed 2880K, reserved 1048576K
}
Event: 4.862 GC heap after
{Heap after GC invocations=6 (full 0):
 garbage-first heap   total 189440K, used 78730K [0x0000000091000000, 0x0000000100000000)
  region size 1024K, 3 young (3072K), 3 survivors (3072K)
 Metaspace       used 17746K, committed 18112K, reserved 1114112K
  class space    used 2735K, committed 2880K, reserved 1048576K
}
Event: 4.872 GC heap before
{Heap before GC invocations=6 (full 0):
 garbage-first heap   total 189440K, used 87946K [0x0000000091000000, 0x0000000100000000)
  region size 1024K, 4 young (4096K), 3 survivors (3072K)
 Metaspace       used 17746K, committed 18112K, reserved 1114112K
  class space    used 2735K, committed 2880K, reserved 1048576K
}
Event: 4.875 GC heap after
{Heap after GC invocations=7 (full 0):
 garbage-first heap   total 189440K, used 88031K [0x0000000091000000, 0x0000000100000000)
  region size 1024K, 3 young (3072K), 3 survivors (3072K)
 Metaspace       used 17746K, committed 18112K, reserved 1114112K
  class space    used 2735K, committed 2880K, reserved 1048576K
}
Event: 26.482 GC heap before
{Heap before GC invocations=8 (full 0):
 garbage-first heap   total 189440K, used 113631K [0x0000000091000000, 0x0000000100000000)
  region size 1024K, 20 young (20480K), 3 survivors (3072K)
 Metaspace       used 20015K, committed 20352K, reserved 1114112K
  class space    used 2856K, committed 3008K, reserved 1048576K
}
Event: 26.487 GC heap after
{Heap after GC invocations=9 (full 0):
 garbage-first heap   total 189440K, used 89039K [0x0000000091000000, 0x0000000100000000)
  region size 1024K, 4 young (4096K), 4 survivors (4096K)
 Metaspace       used 20015K, committed 20352K, reserved 1114112K
  class space    used 2856K, committed 3008K, reserved 1048576K
}

